Arguments: 
  C:\Program Files\nodejs\node.exe C:\Users\Rajeev\AppData\Roaming\npm\node_modules\yarn\bin\yarn.js init

PATH: 
  C:\Users\Rajeev\bin;C:\Program Files\Git\mingw64\bin;C:\Program Files\Git\usr\local\bin;C:\Program Files\Git\usr\bin;C:\Program Files\Git\usr\bin;C:\Program Files\Git\mingw64\bin;C:\Program Files\Git\usr\bin;C:\Users\Rajeev\bin;C:\WINDOWS\system32;C:\WINDOWS;C:\WINDOWS\System32\Wbem;C:\WINDOWS\System32\WindowsPowerShell\v1.0;C:\WINDOWS\System32\OpenSSH;C:\Program Files\Microsoft VS Code\bin;C:\ProgramData\chocolatey\bin;C:\Program Files\CodeBlocks\MinGW\bin;C:\Program Files\nodejs;C:\Program Files\Git\cmd;C:\Users\Rajeev\AppData\Local\Microsoft\WindowsApps;C:\Users\Rajeev\AppData\Local\GitHubDesktop\bin;C:\Program Files\MongoDB\Server\4.4\bin;C:\Users\Rajeev\AppData\Roaming\npm;C:\Program Files\heroku\bin;C:\Program Files\Git\usr\bin\vendor_perl;C:\Program Files\Git\usr\bin\core_perl

Yarn version: 
  1.22.11

Node version: 
  16.5.0

Platform: 
  win32 x64

Trace: 
  Error: Can't answer a question unless a user TTY
      at ConsoleReporter.question (C:\Users\Rajeev\AppData\Roaming\npm\node_modules\yarn\lib\cli.js:96815:59)
      at Object.<anonymous> (C:\Users\Rajeev\AppData\Roaming\npm\node_modules\yarn\lib\cli.js:89088:38)
      at Generator.next (<anonymous>)
      at step (C:\Users\Rajeev\AppData\Roaming\npm\node_modules\yarn\lib\cli.js:310:30)
      at C:\Users\Rajeev\AppData\Roaming\npm\node_modules\yarn\lib\cli.js:321:13
      at processTicksAndRejections (node:internal/process/task_queues:96:5)

npm manifest: 
  No manifest

yarn manifest: 
  No manifest

Lockfile: 
  No lockfile
